<?xml version="1.0" encoding="UTF-8"?>
<!-- Generated by org.testng.reporters.JUnitXMLReporter -->
<testsuite hostname="ShaunPC" name="Default test" tests="7" failures="0" timestamp="4 Mar 2014 21:46:47 GMT" time="0.041" errors="0">
  <testcase name="testEight" time="0.013" classname="Test.Testing"/>
  <testcase name="testEightSuccessor" time="0.002" classname="Test.Testing"/>
  <testcase name="testGraph" time="0.002" classname="Test.Testing"/>
  <testcase name="testJumbled" time="0.002" classname="Test.Testing"/>
  <testcase name="testJumbledSuccessors" time="0.001" classname="Test.Testing"/>
  <testcase name="testRobot" time="0.002" classname="Test.Testing"/>
  <testcase name="testRobotSuccessors" time="0.001" classname="Test.Testing"/>
</testsuite> <!-- Default test -->
