<?xml version="1.0" encoding="UTF-8"?>
<testng-results skipped="0" failed="0" total="7" passed="7">
  <reporter-output>
  </reporter-output>
  <suite name="Default suite" duration-ms="41" started-at="2014-03-04T21:46:47Z" finished-at="2014-03-04T21:46:47Z">
    <groups>
    </groups>
    <test name="Default test" duration-ms="41" started-at="2014-03-04T21:46:47Z" finished-at="2014-03-04T21:46:47Z">
      <class name="Test.Testing">
        <test-method status="PASS" signature="testEight()[pri:0, instance:Test.Testing@5739a0]" name="testEight" duration-ms="13" started-at="2014-03-04T21:46:47Z" finished-at="2014-03-04T21:46:47Z">
          <reporter-output>
          </reporter-output>
        </test-method> <!-- testEight -->
        <test-method status="PASS" signature="testEightSuccessor()[pri:0, instance:Test.Testing@5739a0]" name="testEightSuccessor" duration-ms="2" started-at="2014-03-04T21:46:47Z" finished-at="2014-03-04T21:46:47Z">
          <reporter-output>
          </reporter-output>
        </test-method> <!-- testEightSuccessor -->
        <test-method status="PASS" signature="testGraph()[pri:0, instance:Test.Testing@5739a0]" name="testGraph" duration-ms="2" started-at="2014-03-04T21:46:47Z" finished-at="2014-03-04T21:46:47Z">
          <reporter-output>
          </reporter-output>
        </test-method> <!-- testGraph -->
        <test-method status="PASS" signature="testJumbled()[pri:0, instance:Test.Testing@5739a0]" name="testJumbled" duration-ms="2" started-at="2014-03-04T21:46:47Z" finished-at="2014-03-04T21:46:47Z">
          <reporter-output>
          </reporter-output>
        </test-method> <!-- testJumbled -->
        <test-method status="PASS" signature="testJumbledSuccessors()[pri:0, instance:Test.Testing@5739a0]" name="testJumbledSuccessors" duration-ms="1" started-at="2014-03-04T21:46:47Z" finished-at="2014-03-04T21:46:47Z">
          <reporter-output>
          </reporter-output>
        </test-method> <!-- testJumbledSuccessors -->
        <test-method status="PASS" signature="testRobot()[pri:0, instance:Test.Testing@5739a0]" name="testRobot" duration-ms="2" started-at="2014-03-04T21:46:47Z" finished-at="2014-03-04T21:46:47Z">
          <reporter-output>
          </reporter-output>
        </test-method> <!-- testRobot -->
        <test-method status="PASS" signature="testRobotSuccessors()[pri:0, instance:Test.Testing@5739a0]" name="testRobotSuccessors" duration-ms="1" started-at="2014-03-04T21:46:47Z" finished-at="2014-03-04T21:46:47Z">
          <reporter-output>
          </reporter-output>
        </test-method> <!-- testRobotSuccessors -->
      </class> <!-- Test.Testing -->
    </test> <!-- Default test -->
  </suite> <!-- Default suite -->
</testng-results>
